2025-03-06 17:21:29,309 INFO o.a.j.u.JMeterUtils: Setting Locale to en_EN
2025-03-06 17:21:29,322 INFO o.a.j.JMeter: Loading user properties from: /opt/homebrew/Cellar/jmeter/5.6.3/libexec/bin/user.properties
2025-03-06 17:21:29,323 INFO o.a.j.JMeter: Loading system properties from: /opt/homebrew/Cellar/jmeter/5.6.3/libexec/bin/system.properties
2025-03-06 17:21:29,326 INFO o.a.j.JMeter: Copyright (c) 1998-2024 The Apache Software Foundation
2025-03-06 17:21:29,326 INFO o.a.j.JMeter: Version 5.6.3
2025-03-06 17:21:29,326 INFO o.a.j.JMeter: java.version=21.0.6
2025-03-06 17:21:29,326 INFO o.a.j.JMeter: java.vm.name=OpenJDK 64-Bit Server VM
2025-03-06 17:21:29,326 INFO o.a.j.JMeter: os.name=Mac OS X
2025-03-06 17:21:29,327 INFO o.a.j.JMeter: os.arch=aarch64
2025-03-06 17:21:29,327 INFO o.a.j.JMeter: os.version=15.3.1
2025-03-06 17:21:29,327 INFO o.a.j.JMeter: file.encoding=UTF-8
2025-03-06 17:21:29,327 INFO o.a.j.JMeter: java.awt.headless=true
2025-03-06 17:21:29,327 INFO o.a.j.JMeter: Max memory     =1073741824
2025-03-06 17:21:29,327 INFO o.a.j.JMeter: Available Processors =8
2025-03-06 17:21:29,333 INFO o.a.j.JMeter: Default Locale=English (EN)
2025-03-06 17:21:29,334 INFO o.a.j.JMeter: JMeter  Locale=English (EN)
2025-03-06 17:21:29,334 INFO o.a.j.JMeter: JMeterHome=/opt/homebrew/Cellar/jmeter/5.6.3/libexec
2025-03-06 17:21:29,334 INFO o.a.j.JMeter: user.dir  =/Users/ivanjond/Documents/GitHub/Example_Project/regress-jmeter
2025-03-06 17:21:29,334 INFO o.a.j.JMeter: PWD       =/Users/ivanjond/Documents/GitHub/Example_Project/regress-jmeter
2025-03-06 17:21:29,335 INFO o.a.j.JMeter: IP: 127.0.0.1 Name: ivans-MacBook-Pro.local FullName: localhost
2025-03-06 17:21:29,343 INFO o.a.j.JMeter: Setting property 'jmeter.reportgenerator.outputdir' to:'/Users/ivanjond/Documents/GitHub/Example_Project/regress-jmeter/reports/HTMLReport'
2025-03-06 17:21:29,344 INFO o.a.j.s.FileServer: Default base='/Users/ivanjond/Documents/GitHub/Example_Project/regress-jmeter'
2025-03-06 17:21:29,345 INFO o.a.j.s.FileServer: Set new base='/Users/ivanjond/Documents/GitHub/Example_Project/regress-jmeter/JMeter-file'
2025-03-06 17:21:29,437 INFO o.a.j.s.SaveService: Testplan (JMX) version: 2.2. Testlog (JTL) version: 2.2
2025-03-06 17:21:29,461 INFO o.a.j.s.SaveService: Using SaveService properties version 5.0
2025-03-06 17:21:29,463 INFO o.a.j.s.SaveService: Using SaveService properties file encoding UTF-8
2025-03-06 17:21:29,464 INFO o.a.j.s.SaveService: Loading file: JMeter-file/RegressAPI-load-test.jmx
2025-03-06 17:21:29,486 INFO o.a.j.p.h.c.CookieManager: Settings: Delete null: true Check: true Allow variable: true Save: false Prefix: COOKIE_
2025-03-06 17:21:29,500 INFO o.a.j.p.h.s.HTTPSamplerBase: Parser for text/html is org.apache.jmeter.protocol.http.parser.LagartoBasedHtmlParser
2025-03-06 17:21:29,500 INFO o.a.j.p.h.s.HTTPSamplerBase: Parser for application/xhtml+xml is org.apache.jmeter.protocol.http.parser.LagartoBasedHtmlParser
2025-03-06 17:21:29,500 INFO o.a.j.p.h.s.HTTPSamplerBase: Parser for application/xml is org.apache.jmeter.protocol.http.parser.LagartoBasedHtmlParser
2025-03-06 17:21:29,500 INFO o.a.j.p.h.s.HTTPSamplerBase: Parser for text/xml is org.apache.jmeter.protocol.http.parser.LagartoBasedHtmlParser
2025-03-06 17:21:29,500 INFO o.a.j.p.h.s.HTTPSamplerBase: Parser for text/vnd.wap.wml is org.apache.jmeter.protocol.http.parser.RegexpHTMLParser
2025-03-06 17:21:29,501 INFO o.a.j.p.h.s.HTTPSamplerBase: Parser for text/css is org.apache.jmeter.protocol.http.parser.CssParser
2025-03-06 17:21:29,555 INFO o.a.j.JMeter: Creating summariser <summary>
2025-03-06 17:21:29,558 INFO o.a.j.r.d.ReportGenerator: ReportGenerator will use for Parsing the separator: ','
2025-03-06 17:21:29,558 INFO o.a.j.r.d.ReportGenerator: Will generate report at end of test from  results file: reports/result.jtl
2025-03-06 17:21:29,558 INFO o.a.j.r.d.ReportGenerator: Reading report generator properties from: /opt/homebrew/Cellar/jmeter/5.6.3/libexec/bin/reportgenerator.properties
2025-03-06 17:21:29,558 INFO o.a.j.r.d.ReportGenerator: Merging with JMeter properties
2025-03-06 17:21:29,560 INFO o.a.j.r.c.ReportGeneratorConfiguration: Property 'jmeter.reportgenerator.temp_dir' not found, using default value 'temp' instead.
2025-03-06 17:21:29,561 INFO o.a.j.r.c.ReportGeneratorConfiguration: Property 'jmeter.reportgenerator.apdex_per_transaction' not found, using default value 'null' instead.
2025-03-06 17:21:29,561 INFO o.a.j.r.c.ReportGeneratorConfiguration: apdex_per_transaction is empty, not APDEX per transaction customization
2025-03-06 17:21:29,561 INFO o.a.j.r.c.ReportGeneratorConfiguration: Property 'jmeter.reportgenerator.sample_filter' not found, using default value 'null' instead.
2025-03-06 17:21:29,561 INFO o.a.j.r.c.ReportGeneratorConfiguration: Property 'jmeter.reportgenerator.report_title' not found, using default value 'null' instead.
2025-03-06 17:21:29,561 INFO o.a.j.r.c.ReportGeneratorConfiguration: Property 'jmeter.reportgenerator.start_date' not found, using default value 'null' instead.
2025-03-06 17:21:29,561 INFO o.a.j.r.c.ReportGeneratorConfiguration: Property 'jmeter.reportgenerator.end_date' not found, using default value 'null' instead.
2025-03-06 17:21:29,561 INFO o.a.j.r.c.ReportGeneratorConfiguration: Property 'jmeter.reportgenerator.date_format' not found, using default value 'null' instead.
2025-03-06 17:21:29,562 INFO o.a.j.r.c.ReportGeneratorConfiguration: Will use date range start date: null, end date: null
2025-03-06 17:21:29,564 INFO o.a.j.r.c.ReportGeneratorConfiguration: Property 'jmeter.reportgenerator.graph.totalTPS.exclude_controllers' not found, using default value 'false' instead.
2025-03-06 17:21:29,564 INFO o.a.j.r.c.ReportGeneratorConfiguration: Property 'jmeter.reportgenerator.graph.activeThreadsOverTime.exclude_controllers' not found, using default value 'false' instead.
2025-03-06 17:21:29,564 INFO o.a.j.r.c.ReportGeneratorConfiguration: Property 'jmeter.reportgenerator.graph.timeVsThreads.exclude_controllers' not found, using default value 'false' instead.
2025-03-06 17:21:29,564 INFO o.a.j.r.c.ReportGeneratorConfiguration: Property 'jmeter.reportgenerator.graph.responseTimeDistribution.exclude_controllers' not found, using default value 'false' instead.
2025-03-06 17:21:29,564 INFO o.a.j.r.c.ReportGeneratorConfiguration: Property 'jmeter.reportgenerator.graph.transactionsPerSecond.exclude_controllers' not found, using default value 'false' instead.
2025-03-06 17:21:29,564 INFO o.a.j.r.c.ReportGeneratorConfiguration: Property 'jmeter.reportgenerator.graph.responseTimePercentiles.exclude_controllers' not found, using default value 'false' instead.
2025-03-06 17:21:29,565 INFO o.a.j.r.c.ReportGeneratorConfiguration: Property 'jmeter.reportgenerator.graph.responseTimePercentilesOverTime.exclude_controllers' not found, using default value 'false' instead.
2025-03-06 17:21:29,565 INFO o.a.j.r.c.ReportGeneratorConfiguration: Property 'jmeter.reportgenerator.graph.responseTimesOverTime.exclude_controllers' not found, using default value 'false' instead.
2025-03-06 17:21:29,565 INFO o.a.j.r.c.ReportGeneratorConfiguration: Property 'jmeter.reportgenerator.graph.connectTimeOverTime.exclude_controllers' not found, using default value 'false' instead.
2025-03-06 17:21:29,565 INFO o.a.j.r.c.ReportGeneratorConfiguration: Property 'jmeter.reportgenerator.graph.latenciesOverTime.exclude_controllers' not found, using default value 'false' instead.
2025-03-06 17:21:29,565 INFO o.a.j.r.c.ReportGeneratorConfiguration: Property 'jmeter.reportgenerator.exporter.json.filters_only_sample_series' not found, using default value 'true' instead.
2025-03-06 17:21:29,565 INFO o.a.j.r.c.ReportGeneratorConfiguration: Property 'jmeter.reportgenerator.exporter.json.series_filter' not found, using default value '' instead.
2025-03-06 17:21:29,565 INFO o.a.j.r.c.ReportGeneratorConfiguration: Property 'jmeter.reportgenerator.exporter.json.show_controllers_only' not found, using default value 'false' instead.
2025-03-06 17:21:29,565 INFO o.a.j.r.c.ReportGeneratorConfiguration: Property 'jmeter.reportgenerator.exporter.html.filters_only_sample_series' not found, using default value 'true' instead.
2025-03-06 17:21:29,566 INFO o.a.j.r.c.ReportGeneratorConfiguration: Property 'jmeter.reportgenerator.exporter.html.series_filter' not found, using default value '' instead.
2025-03-06 17:21:29,566 INFO o.a.j.r.c.ReportGeneratorConfiguration: Property 'jmeter.reportgenerator.exporter.html.show_controllers_only' not found, using default value 'false' instead.
2025-03-06 17:21:29,574 INFO o.a.j.e.StandardJMeterEngine: Running the test!
2025-03-06 17:21:29,574 INFO o.a.j.s.SampleEvent: List of sample_variables: []
2025-03-06 17:21:29,574 INFO o.a.j.s.SampleEvent: List of sample_variables: []
2025-03-06 17:21:29,576 INFO o.a.j.e.u.CompoundVariable: Note: Function class names must contain the string: '.functions.'
2025-03-06 17:21:29,576 INFO o.a.j.e.u.CompoundVariable: Note: Function class names must not contain the string: '.gui.'
2025-03-06 17:21:29,616 INFO o.a.j.r.ClassFinder: Will scan jar /opt/homebrew/Cellar/jmeter/5.6.3/libexec/lib/ext/jmeter-plugins-manager-1.9.jar with filter ExtendsClassFilter [parents=[interface org.apache.jmeter.functions.Function], inner=false, contains=null, notContains=null]. Consider exposing JMeter plugins via META-INF/services, and add JMeter-Skip-Class-Scanning=true manifest attribute so JMeter can skip classfile scanning
2025-03-06 17:21:29,682 INFO o.a.j.JMeter: Running test (1741256489682)
2025-03-06 17:21:29,693 INFO o.a.j.e.StandardJMeterEngine: Starting ThreadGroup: 1 : Regress-In Test
2025-03-06 17:21:29,693 INFO o.a.j.e.StandardJMeterEngine: Starting 5 threads for group Regress-In Test.
2025-03-06 17:21:29,693 INFO o.a.j.e.StandardJMeterEngine: Thread will continue on error
2025-03-06 17:21:29,694 INFO o.a.j.t.ThreadGroup: Starting thread group... number=1 threads=5 ramp-up=5 delayedStart=false
2025-03-06 17:21:29,698 INFO o.a.j.t.ThreadGroup: Started thread group number 1
2025-03-06 17:21:29,698 INFO o.a.j.e.StandardJMeterEngine: All thread groups have been started
2025-03-06 17:21:34,698 INFO o.a.j.t.JMeterThread: Thread started: Regress-In Test 1-1
2025-03-06 17:21:34,722 INFO o.a.j.p.h.s.HTTPHCAbstractImpl: Local host = ivans-MacBook-Pro.local
2025-03-06 17:21:34,726 INFO o.a.j.p.h.s.HTTPHC4Impl: HTTP request retry count = 0
2025-03-06 17:21:34,727 INFO o.a.j.s.SampleResult: Note: Sample TimeStamps are START times
2025-03-06 17:21:34,727 INFO o.a.j.s.SampleResult: sampleresult.default.encoding is set to UTF-8
2025-03-06 17:21:34,727 INFO o.a.j.s.SampleResult: sampleresult.useNanoTime=true
2025-03-06 17:21:34,727 INFO o.a.j.s.SampleResult: sampleresult.nanoThreadSleep=5000
2025-03-06 17:21:35,701 INFO o.a.j.t.JMeterThread: Thread started: Regress-In Test 1-2
2025-03-06 17:21:35,833 INFO o.a.j.p.h.s.h.LazyLayeredConnectionSocketFactory: Setting up HTTPS TrustAll Socket Factory
2025-03-06 17:21:35,841 INFO o.a.j.u.JsseSSLManager: Using default SSL protocol: TLS
2025-03-06 17:21:35,841 INFO o.a.j.u.JsseSSLManager: SSL session context: per-thread
2025-03-06 17:21:35,910 INFO o.a.j.u.SSLManager: JmeterKeyStore Location:  type JKS
2025-03-06 17:21:35,913 INFO o.a.j.u.SSLManager: KeyStore created OK
2025-03-06 17:21:35,913 WARN o.a.j.u.SSLManager: Keystore file not found, loading empty keystore
2025-03-06 17:21:36,699 INFO o.a.j.t.JMeterThread: Thread started: Regress-In Test 1-3
2025-03-06 17:21:37,702 INFO o.a.j.t.JMeterThread: Thread started: Regress-In Test 1-4
2025-03-06 17:21:38,701 INFO o.a.j.t.JMeterThread: Thread started: Regress-In Test 1-5
2025-03-06 17:21:43,669 INFO o.a.j.t.JMeterThread: Thread finished: Regress-In Test 1-3
2025-03-06 17:21:44,674 INFO o.a.j.t.JMeterThread: Thread finished: Regress-In Test 1-4
2025-03-06 17:21:44,704 INFO o.a.j.t.JMeterThread: Stopping because end time detected by thread: Regress-In Test 1-5
2025-03-06 17:21:44,705 INFO o.a.j.t.JMeterThread: Thread finished: Regress-In Test 1-5
2025-03-06 17:21:44,995 INFO o.a.j.t.JMeterThread: Stopping because end time detected by thread: Regress-In Test 1-1
2025-03-06 17:21:44,996 INFO o.a.j.t.JMeterThread: Thread finished: Regress-In Test 1-1
2025-03-06 17:21:45,202 INFO o.a.j.t.JMeterThread: Stopping because end time detected by thread: Regress-In Test 1-2
2025-03-06 17:21:45,202 INFO o.a.j.t.JMeterThread: Thread finished: Regress-In Test 1-2
2025-03-06 17:21:45,203 INFO o.a.j.e.StandardJMeterEngine: Notifying test listeners of end of test
2025-03-06 17:21:45,205 INFO o.a.j.r.Summariser: summary =     54 in 00:00:16 =    3.5/s Avg:   398 Min:    28 Max:  1893 Err:     0 (0.00%)
2025-03-06 17:21:45,206 INFO o.a.j.JMeter: Generating Dashboard
2025-03-06 17:21:45,206 INFO o.a.j.r.d.ReportGenerator: Flushing result collector before report Generation
2025-03-06 17:21:45,219 INFO o.a.j.r.p.NormalizerSampleConsumer: Using format, 'ms', to parse timeStamp field
2025-03-06 17:21:45,261 INFO o.a.j.r.p.AbstractSampleConsumer: class org.apache.jmeter.report.processor.AggregateConsumer#stopProducing(): beginDate produced 0 samples
2025-03-06 17:21:45,261 INFO o.a.j.r.p.AbstractSampleConsumer: class org.apache.jmeter.report.processor.AggregateConsumer#stopProducing(): endDate produced 0 samples
2025-03-06 17:21:45,262 INFO o.a.j.r.p.AbstractSampleConsumer: class org.apache.jmeter.report.processor.ApdexSummaryConsumer#stopProducing(): apdexSummary produced 0 samples
2025-03-06 17:21:45,262 INFO o.a.j.r.p.AbstractSampleConsumer: class org.apache.jmeter.report.processor.RequestsSummaryConsumer#stopProducing(): requestsSummary produced 0 samples
2025-03-06 17:21:45,264 INFO o.a.j.r.p.AbstractSampleConsumer: class org.apache.jmeter.report.processor.StatisticsSummaryConsumer#stopProducing(): statisticsSummary produced 0 samples
2025-03-06 17:21:45,266 INFO o.a.j.r.p.AbstractSampleConsumer: class org.apache.jmeter.report.processor.Top5ErrorsBySamplerConsumer#stopProducing(): top5ErrorsBySampler produced 0 samples
2025-03-06 17:21:45,266 INFO o.a.j.r.p.AbstractSampleConsumer: class org.apache.jmeter.report.processor.ErrorsSummaryConsumer#stopProducing(): errorsSummary produced 0 samples
2025-03-06 17:21:45,266 INFO o.a.j.r.p.AbstractSampleConsumer: class org.apache.jmeter.report.processor.graph.impl.HitsPerSecondGraphConsumer#stopProducing(): hitsPerSecond produced 0 samples
2025-03-06 17:21:45,274 INFO o.a.j.r.p.AbstractSampleConsumer: class org.apache.jmeter.report.processor.graph.impl.LatencyVSRequestGraphConsumer#stopProducing(): latencyVsRequest produced 0 samples
2025-03-06 17:21:45,274 INFO o.a.j.r.p.AbstractSampleConsumer: class org.apache.jmeter.report.processor.graph.impl.SyntheticResponseTimeDistributionGraphConsumer#stopProducing(): syntheticResponseTimeDistribution produced 0 samples
2025-03-06 17:21:45,274 INFO o.a.j.r.p.AbstractSampleConsumer: class org.apache.jmeter.report.processor.graph.impl.BytesThroughputGraphConsumer#stopProducing(): bytesThroughputOverTime produced 0 samples
2025-03-06 17:21:45,274 INFO o.a.j.r.p.AbstractSampleConsumer: class org.apache.jmeter.report.processor.graph.impl.CodesPerSecondGraphConsumer#stopProducing(): codesPerSecond produced 0 samples
2025-03-06 17:21:45,275 INFO o.a.j.r.p.AbstractSampleConsumer: class org.apache.jmeter.report.processor.graph.impl.ResponseTimeVSRequestGraphConsumer#stopProducing(): responseTimeVsRequest produced 0 samples
2025-03-06 17:21:45,276 INFO o.a.j.r.p.AbstractSampleConsumer: class org.apache.jmeter.report.processor.FilterConsumer#stopProducing(): startIntervalControlerFilter produced 378 samples
2025-03-06 17:21:45,276 INFO o.a.j.r.p.AbstractSampleConsumer: class org.apache.jmeter.report.processor.graph.impl.TotalTPSGraphConsumer#stopProducing(): totalTPS produced 0 samples
2025-03-06 17:21:45,276 INFO o.a.j.r.p.AbstractSampleConsumer: class org.apache.jmeter.report.processor.graph.impl.ActiveThreadsGraphConsumer#stopProducing(): activeThreadsOverTime produced 0 samples
2025-03-06 17:21:45,276 INFO o.a.j.r.p.AbstractSampleConsumer: class org.apache.jmeter.report.processor.graph.impl.TimeVSThreadGraphConsumer#stopProducing(): timeVsThreads produced 0 samples
2025-03-06 17:21:45,276 INFO o.a.j.r.p.AbstractSampleConsumer: class org.apache.jmeter.report.processor.graph.impl.ResponseTimeDistributionGraphConsumer#stopProducing(): responseTimeDistribution produced 0 samples
2025-03-06 17:21:45,276 INFO o.a.j.r.p.AbstractSampleConsumer: class org.apache.jmeter.report.processor.graph.impl.TransactionsPerSecondGraphConsumer#stopProducing(): transactionsPerSecond produced 0 samples
2025-03-06 17:21:45,276 INFO o.a.j.r.p.AbstractSampleConsumer: class org.apache.jmeter.report.processor.graph.impl.ResponseTimePercentilesGraphConsumer#stopProducing(): responseTimePercentiles produced 0 samples
2025-03-06 17:21:45,277 INFO o.a.j.r.p.AbstractSampleConsumer: class org.apache.jmeter.report.processor.graph.impl.ResponseTimePercentilesOverTimeGraphConsumer#stopProducing(): responseTimePercentilesOverTime produced 0 samples
2025-03-06 17:21:45,277 INFO o.a.j.r.p.AbstractSampleConsumer: class org.apache.jmeter.report.processor.graph.impl.ResponseTimeOverTimeGraphConsumer#stopProducing(): responseTimesOverTime produced 0 samples
2025-03-06 17:21:45,277 INFO o.a.j.r.p.AbstractSampleConsumer: class org.apache.jmeter.report.processor.graph.impl.ConnectTimeOverTimeGraphConsumer#stopProducing(): connectTimeOverTime produced 0 samples
2025-03-06 17:21:45,277 INFO o.a.j.r.p.AbstractSampleConsumer: class org.apache.jmeter.report.processor.graph.impl.LatencyOverTimeGraphConsumer#stopProducing(): latenciesOverTime produced 0 samples
2025-03-06 17:21:45,277 INFO o.a.j.r.p.AbstractSampleConsumer: class org.apache.jmeter.report.processor.FilterConsumer#stopProducing(): nameFilter produced 810 samples
2025-03-06 17:21:45,277 INFO o.a.j.r.p.AbstractSampleConsumer: class org.apache.jmeter.report.processor.FilterConsumer#stopProducing(): dateRangeFilter produced 162 samples
2025-03-06 17:21:45,277 INFO o.a.j.r.p.AbstractSampleConsumer: class org.apache.jmeter.report.processor.NormalizerSampleConsumer#stopProducing(): normalizer produced 54 samples
2025-03-06 17:21:45,277 INFO o.a.j.r.p.CsvFileSampleSource: produce(): 54 samples produced in 41ms on channel 0
2025-03-06 17:21:45,277 INFO o.a.j.r.d.ReportGenerator: Exporting data using exporter:'json' of className:'org.apache.jmeter.report.dashboard.JsonExporter'
2025-03-06 17:21:45,279 INFO o.a.j.r.d.JsonExporter: Found data for consumer statisticsSummary in context
2025-03-06 17:21:45,279 INFO o.a.j.r.d.JsonExporter: Creating statistics for overall
2025-03-06 17:21:45,279 INFO o.a.j.r.d.JsonExporter: Creating statistics for other transactions
2025-03-06 17:21:45,279 INFO o.a.j.r.d.JsonExporter: Checking output folder
2025-03-06 17:21:45,279 INFO o.a.j.r.d.JsonExporter: Writing statistics JSON to /Users/ivanjond/Documents/GitHub/Example_Project/regress-jmeter/reports/HTMLReport/statistics.json
2025-03-06 17:21:45,297 INFO o.a.j.r.d.ReportGenerator: Exporting data using exporter:'html' of className:'org.apache.jmeter.report.dashboard.HtmlTemplateExporter'
2025-03-06 17:21:45,298 INFO o.a.j.r.d.HtmlTemplateExporter: Will generate dashboard in folder: /Users/ivanjond/Documents/GitHub/Example_Project/regress-jmeter/reports/HTMLReport
2025-03-06 17:21:45,351 INFO o.a.j.r.d.HtmlTemplateExporter: Report will be generated in: /Users/ivanjond/Documents/GitHub/Example_Project/regress-jmeter/reports/HTMLReport, creating folder structure
2025-03-06 17:21:45,352 INFO o.a.j.r.d.TemplateVisitor: Copying folder from '/opt/homebrew/Cellar/jmeter/5.6.3/libexec/bin/report-template' to '/Users/ivanjond/Documents/GitHub/Example_Project/regress-jmeter/reports/HTMLReport', got message: /Users/ivanjond/Documents/GitHub/Example_Project/regress-jmeter/reports/HTMLReport, found non empty folder with following content [/Users/ivanjond/Documents/GitHub/Example_Project/regress-jmeter/reports/HTMLReport/statistics.json], will be ignored
2025-03-06 17:21:45,488 INFO o.a.j.JMeter: Dashboard generated
